<?xml version="1.0" encoding="UTF-8"?>
<!-- Generated by org.testng.reporters.JUnitReportReporter -->
<testsuite hostname="LAPTOP-CARFPD6P" failures="0" tests="2" name="FirstPackage.BaseClass" time="0.019" errors="0" timestamp="2021-12-07T12:14:26 IST" skipped="0">
  <testcase classname="FirstPackage.BaseClass" name="googleTitleTest" time="0.012"/>
  <system-out/>
  <testcase classname="FirstPackage.BaseClass" name="searchTest" time="0.007"/>
  <system-out/>
</testsuite> <!-- FirstPackage.BaseClass -->
